{"E:\\Projetos\\React e Next.js\\projeto\\src\\index.js": {"path":"E:\\Projetos\\React e Next.js\\projeto\\src\\index.js","statementMap":{"0":{"start":{"line":6,"column":13},"end":{"line":6,"column":65}},"1":{"start":{"line":7,"column":0},"end":{"line":11,"column":2}}},"fnMap":{},"branchMap":{},"s":{"0":0,"1":0},"f":{},"b":{}}
,"E:\\Projetos\\React e Next.js\\projeto\\src\\reportWebVitals.js": {"path":"E:\\Projetos\\React e Next.js\\projeto\\src\\reportWebVitals.js","statementMap":{"0":{"start":{"line":1,"column":24},"end":{"line":11,"column":1}},"1":{"start":{"line":2,"column":2},"end":{"line":10,"column":3}},"2":{"start":{"line":3,"column":4},"end":{"line":9,"column":7}},"3":{"start":{"line":4,"column":6},"end":{"line":4,"column":26}},"4":{"start":{"line":5,"column":6},"end":{"line":5,"column":26}},"5":{"start":{"line":6,"column":6},"end":{"line":6,"column":26}},"6":{"start":{"line":7,"column":6},"end":{"line":7,"column":26}},"7":{"start":{"line":8,"column":6},"end":{"line":8,"column":27}}},"fnMap":{"0":{"name":"(anonymous_0)","decl":{"start":{"line":1,"column":24},"end":{"line":1,"column":25}},"loc":{"start":{"line":1,"column":39},"end":{"line":11,"column":1}},"line":1},"1":{"name":"(anonymous_1)","decl":{"start":{"line":3,"column":30},"end":{"line":3,"column":31}},"loc":{"start":{"line":3,"column":79},"end":{"line":9,"column":5}},"line":3}},"branchMap":{"0":{"loc":{"start":{"line":2,"column":2},"end":{"line":10,"column":3}},"type":"if","locations":[{"start":{"line":2,"column":2},"end":{"line":10,"column":3}},{"start":{},"end":{}}],"line":2},"1":{"loc":{"start":{"line":2,"column":6},"end":{"line":2,"column":52}},"type":"binary-expr","locations":[{"start":{"line":2,"column":6},"end":{"line":2,"column":17}},{"start":{"line":2,"column":21},"end":{"line":2,"column":52}}],"line":2}},"s":{"0":0,"1":0,"2":0,"3":0,"4":0,"5":0,"6":0,"7":0},"f":{"0":0,"1":0},"b":{"0":[0,0],"1":[0,0]}}
,"E:\\Projetos\\React e Next.js\\projeto\\src\\components\\Button\\index.jsx": {"path":"E:\\Projetos\\React e Next.js\\projeto\\src\\components\\Button\\index.jsx","statementMap":{"0":{"start":{"line":7,"column":40},"end":{"line":7,"column":50}},"1":{"start":{"line":9,"column":4},"end":{"line":13,"column":6}}},"fnMap":{"0":{"name":"(anonymous_0)","decl":{"start":{"line":6,"column":2},"end":{"line":6,"column":3}},"loc":{"start":{"line":6,"column":11},"end":{"line":14,"column":3}},"line":6}},"branchMap":{},"s":{"0":5,"1":5},"f":{"0":5},"b":{},"_coverageSchema":"1a1c01bbd47fc00a2c39e90264f33305004495a9","hash":"8cdc1b2d0594ac20fc374217880861ae5dbf1d50"}
,"E:\\Projetos\\React e Next.js\\projeto\\src\\components\\PostCard\\index.jsx": {"path":"E:\\Projetos\\React e Next.js\\projeto\\src\\components\\PostCard\\index.jsx","statementMap":{"0":{"start":{"line":3,"column":24},"end":{"line":11,"column":1}},"1":{"start":{"line":4,"column":2},"end":{"line":10,"column":8}}},"fnMap":{"0":{"name":"(anonymous_0)","decl":{"start":{"line":3,"column":24},"end":{"line":3,"column":25}},"loc":{"start":{"line":4,"column":2},"end":{"line":10,"column":8}},"line":4}},"branchMap":{},"s":{"0":2,"1":8},"f":{"0":8},"b":{},"_coverageSchema":"1a1c01bbd47fc00a2c39e90264f33305004495a9","hash":"1e4a0721f45e6a647c94424550454f1cc65d9f52"}
,"E:\\Projetos\\React e Next.js\\projeto\\src\\components\\Posts\\index.jsx": {"path":"E:\\Projetos\\React e Next.js\\projeto\\src\\components\\Posts\\index.jsx","statementMap":{"0":{"start":{"line":5,"column":21},"end":{"line":17,"column":1}},"1":{"start":{"line":6,"column":2},"end":{"line":16,"column":8}},"2":{"start":{"line":8,"column":6},"end":{"line":14,"column":8}}},"fnMap":{"0":{"name":"(anonymous_0)","decl":{"start":{"line":5,"column":21},"end":{"line":5,"column":22}},"loc":{"start":{"line":6,"column":2},"end":{"line":16,"column":8}},"line":6},"1":{"name":"(anonymous_1)","decl":{"start":{"line":7,"column":15},"end":{"line":7,"column":16}},"loc":{"start":{"line":8,"column":6},"end":{"line":14,"column":8}},"line":8}},"branchMap":{"0":{"loc":{"start":{"line":5,"column":24},"end":{"line":5,"column":34}},"type":"default-arg","locations":[{"start":{"line":5,"column":32},"end":{"line":5,"column":34}}],"line":5}},"s":{"0":1,"1":3,"2":6},"f":{"0":3,"1":6},"b":{"0":[1]},"_coverageSchema":"1a1c01bbd47fc00a2c39e90264f33305004495a9","hash":"0d6897ca32b8789d5946fe0923fe4b21de886c9b"}
,"E:\\Projetos\\React e Next.js\\projeto\\src\\components\\TextInput\\index.jsx": {"path":"E:\\Projetos\\React e Next.js\\projeto\\src\\components\\TextInput\\index.jsx","statementMap":{"0":{"start":{"line":3,"column":25},"end":{"line":13,"column":1}},"1":{"start":{"line":4,"column":2},"end":{"line":12,"column":4}}},"fnMap":{"0":{"name":"(anonymous_0)","decl":{"start":{"line":3,"column":25},"end":{"line":3,"column":26}},"loc":{"start":{"line":3,"column":60},"end":{"line":13,"column":1}},"line":3}},"branchMap":{},"s":{"0":1,"1":3},"f":{"0":3},"b":{},"_coverageSchema":"1a1c01bbd47fc00a2c39e90264f33305004495a9","hash":"d0dbe27c6d67582bef1580fcf69ceb6381a43a3f"}
,"E:\\Projetos\\React e Next.js\\projeto\\src\\templates\\Home\\index.jsx": {"path":"E:\\Projetos\\React e Next.js\\projeto\\src\\templates\\Home\\index.jsx","statementMap":{"0":{"start":{"line":10,"column":20},"end":{"line":77,"column":1}},"1":{"start":{"line":11,"column":28},"end":{"line":11,"column":40}},"2":{"start":{"line":12,"column":34},"end":{"line":12,"column":46}},"3":{"start":{"line":13,"column":26},"end":{"line":13,"column":37}},"4":{"start":{"line":14,"column":25},"end":{"line":14,"column":37}},"5":{"start":{"line":15,"column":40},"end":{"line":15,"column":52}},"6":{"start":{"line":17,"column":22},"end":{"line":17,"column":60}},"7":{"start":{"line":19,"column":24},"end":{"line":23,"column":11}},"8":{"start":{"line":21,"column":8},"end":{"line":21,"column":76}},"9":{"start":{"line":25,"column":26},"end":{"line":30,"column":8}},"10":{"start":{"line":26,"column":27},"end":{"line":26,"column":44}},"11":{"start":{"line":28,"column":4},"end":{"line":28,"column":55}},"12":{"start":{"line":29,"column":4},"end":{"line":29,"column":32}},"13":{"start":{"line":32,"column":2},"end":{"line":34,"column":38}},"14":{"start":{"line":33,"column":4},"end":{"line":33,"column":37}},"15":{"start":{"line":36,"column":24},"end":{"line":43,"column":3}},"16":{"start":{"line":37,"column":21},"end":{"line":37,"column":40}},"17":{"start":{"line":38,"column":22},"end":{"line":38,"column":71}},"18":{"start":{"line":39,"column":4},"end":{"line":39,"column":29}},"19":{"start":{"line":41,"column":4},"end":{"line":41,"column":20}},"20":{"start":{"line":42,"column":4},"end":{"line":42,"column":22}},"21":{"start":{"line":45,"column":23},"end":{"line":48,"column":3}},"22":{"start":{"line":46,"column":22},"end":{"line":46,"column":30}},"23":{"start":{"line":47,"column":4},"end":{"line":47,"column":26}},"24":{"start":{"line":50,"column":2},"end":{"line":76,"column":4}}},"fnMap":{"0":{"name":"(anonymous_0)","decl":{"start":{"line":10,"column":20},"end":{"line":10,"column":21}},"loc":{"start":{"line":10,"column":26},"end":{"line":77,"column":1}},"line":10},"1":{"name":"(anonymous_1)","decl":{"start":{"line":20,"column":22},"end":{"line":20,"column":23}},"loc":{"start":{"line":20,"column":32},"end":{"line":22,"column":7}},"line":20},"2":{"name":"(anonymous_2)","decl":{"start":{"line":25,"column":38},"end":{"line":25,"column":39}},"loc":{"start":{"line":25,"column":68},"end":{"line":30,"column":3}},"line":25},"3":{"name":"(anonymous_3)","decl":{"start":{"line":32,"column":12},"end":{"line":32,"column":13}},"loc":{"start":{"line":32,"column":18},"end":{"line":34,"column":3}},"line":32},"4":{"name":"(anonymous_4)","decl":{"start":{"line":36,"column":24},"end":{"line":36,"column":25}},"loc":{"start":{"line":36,"column":30},"end":{"line":43,"column":3}},"line":36},"5":{"name":"(anonymous_5)","decl":{"start":{"line":45,"column":23},"end":{"line":45,"column":24}},"loc":{"start":{"line":45,"column":30},"end":{"line":48,"column":3}},"line":45}},"branchMap":{"0":{"loc":{"start":{"line":19,"column":24},"end":{"line":23,"column":11}},"type":"cond-expr","locations":[{"start":{"line":20,"column":6},"end":{"line":22,"column":8}},{"start":{"line":23,"column":6},"end":{"line":23,"column":11}}],"line":19},"1":{"loc":{"start":{"line":53,"column":9},"end":{"line":57,"column":9}},"type":"binary-expr","locations":[{"start":{"line":53,"column":9},"end":{"line":53,"column":22}},{"start":{"line":54,"column":10},"end":{"line":56,"column":13}}],"line":53},"2":{"loc":{"start":{"line":62,"column":7},"end":{"line":62,"column":66}},"type":"binary-expr","locations":[{"start":{"line":62,"column":7},"end":{"line":62,"column":31}},{"start":{"line":62,"column":35},"end":{"line":62,"column":66}}],"line":62},"3":{"loc":{"start":{"line":64,"column":7},"end":{"line":64,"column":64}},"type":"binary-expr","locations":[{"start":{"line":64,"column":7},"end":{"line":64,"column":33}},{"start":{"line":64,"column":37},"end":{"line":64,"column":64}}],"line":64},"4":{"loc":{"start":{"line":67,"column":9},"end":{"line":73,"column":9}},"type":"binary-expr","locations":[{"start":{"line":67,"column":9},"end":{"line":67,"column":21}},{"start":{"line":68,"column":10},"end":{"line":72,"column":12}}],"line":67}},"s":{"0":0,"1":0,"2":0,"3":0,"4":0,"5":0,"6":0,"7":0,"8":0,"9":0,"10":0,"11":0,"12":0,"13":0,"14":0,"15":0,"16":0,"17":0,"18":0,"19":0,"20":0,"21":0,"22":0,"23":0,"24":0},"f":{"0":0,"1":0,"2":0,"3":0,"4":0,"5":0},"b":{"0":[0,0],"1":[0,0],"2":[0,0],"3":[0,0],"4":[0,0]}}
,"E:\\Projetos\\React e Next.js\\projeto\\src\\templates\\Home\\mock.js": {"path":"E:\\Projetos\\React e Next.js\\projeto\\src\\templates\\Home\\mock.js","statementMap":{"0":{"start":{"line":1,"column":33},"end":{"line":6,"column":1}}},"fnMap":{},"branchMap":{},"s":{"0":1},"f":{},"b":{},"_coverageSchema":"1a1c01bbd47fc00a2c39e90264f33305004495a9","hash":"4a6f013472c8e6ee9f88decf8f215850a8fd582f"}
,"E:\\Projetos\\React e Next.js\\projeto\\src\\utils\\load-posts.js": {"path":"E:\\Projetos\\React e Next.js\\projeto\\src\\utils\\load-posts.js","statementMap":{"0":{"start":{"line":1,"column":25},"end":{"line":15,"column":1}},"1":{"start":{"line":2,"column":24},"end":{"line":2,"column":75}},"2":{"start":{"line":3,"column":25},"end":{"line":3,"column":77}},"3":{"start":{"line":5,"column":26},"end":{"line":5,"column":76}},"4":{"start":{"line":7,"column":20},"end":{"line":7,"column":38}},"5":{"start":{"line":8,"column":21},"end":{"line":8,"column":40}},"6":{"start":{"line":10,"column":25},"end":{"line":12,"column":4}},"7":{"start":{"line":11,"column":4},"end":{"line":11,"column":52}},"8":{"start":{"line":14,"column":2},"end":{"line":14,"column":23}}},"fnMap":{"0":{"name":"(anonymous_0)","decl":{"start":{"line":1,"column":25},"end":{"line":1,"column":26}},"loc":{"start":{"line":1,"column":37},"end":{"line":15,"column":1}},"line":1},"1":{"name":"(anonymous_1)","decl":{"start":{"line":10,"column":39},"end":{"line":10,"column":40}},"loc":{"start":{"line":10,"column":56},"end":{"line":12,"column":3}},"line":10}},"branchMap":{},"s":{"0":0,"1":0,"2":0,"3":0,"4":0,"5":0,"6":0,"7":0,"8":0},"f":{"0":0,"1":0},"b":{}}
}
